Using pre-set license
Built from '2020.2/release' branch; Version is '2020.2.0f1 (3721df5a8b28) revision 3613151'; Using compiler version '192528614'; Build Type 'Release'
OS: 'Windows 10  (10.0.0) 64bit' Language: 'fr' Physical Memory: 16049 MB
BatchMode: 1, IsHumanControllingUs: 0, StartBugReporterOnCrash: 0, Is64bit: 1, IsPro: 0

 COMMAND LINE ARGUMENTS:
C:\Program Files\Unity\Hub\Editor\2020.2.0f1\Editor\Unity.exe
-adb2
-batchMode
-noUpm
-name
AssetImportWorker0
-projectPath
C:/Users/soufi/Desktop/unity/group-982129/my_village
-logFile
Logs/AssetImportWorker0.log
-srvPort
61284
Successfully changed project path to: C:/Users/soufi/Desktop/unity/group-982129/my_village
C:/Users/soufi/Desktop/unity/group-982129/my_village
Using Asset Import Pipeline V2.
Refreshing native plugins compatible for Editor in 137.53 ms, found 1 plugins.
Preloading 0 native plugins for Editor in 0.00 ms.
Initialize engine version: 2020.2.0f1 (3721df5a8b28)
[Subsystems] Discovering subsystems at path C:/Program Files/Unity/Hub/Editor/2020.2.0f1/Editor/Data/Resources/UnitySubsystems
[Subsystems] Discovering subsystems at path C:/Users/soufi/Desktop/unity/group-982129/my_village/Assets
GfxDevice: creating device client; threaded=0
Direct3D:
    Version:  Direct3D 11.0 [level 11.1]
    Renderer: Intel(R) Iris(R) Plus Graphics (ID=0x8a52)
    Vendor:   
    VRAM:     8024 MB
    Driver:   27.20.100.9268
Initialize mono
Mono path[0] = 'C:/Program Files/Unity/Hub/Editor/2020.2.0f1/Editor/Data/Managed'
Mono path[1] = 'C:/Program Files/Unity/Hub/Editor/2020.2.0f1/Editor/Data/MonoBleedingEdge/lib/mono/unityjit'
Mono config path = 'C:/Program Files/Unity/Hub/Editor/2020.2.0f1/Editor/Data/MonoBleedingEdge/etc'
Using monoOptions --debugger-agent=transport=dt_socket,embedding=1,server=y,suspend=n,address=127.0.0.1:56272
Begin MonoManager ReloadAssembly
Registering precompiled unity dll's ...
Register platform support module: C:/Program Files/Unity/Hub/Editor/2020.2.0f1/Editor/Data/PlaybackEngines/WebGLSupport/UnityEditor.WebGL.Extensions.dll
Register platform support module: C:/Program Files/Unity/Hub/Editor/2020.2.0f1/Editor/Data/PlaybackEngines/WindowsStandaloneSupport/UnityEditor.WindowsStandalone.Extensions.dll
Registered in 0.006461 seconds.
Native extension for WindowsStandalone target not found
Native extension for WebGL target not found
Refreshing native plugins compatible for Editor in 122.39 ms, found 1 plugins.
Preloading 0 native plugins for Editor in 0.00 ms.
Invoked RoslynAnalysisRunner static constructor.
RoslynAnalysisRunner will not be running.
RoslynAnalysisRunner has terminated.
Mono: successfully reloaded assembly
- Completed reload, in 12.769 seconds
Platform modules already initialized, skipping
Registering precompiled user dll's ...
Registered in 0.002574 seconds.
Begin MonoManager ReloadAssembly
Native extension for WindowsStandalone target not found
Native extension for WebGL target not found
Refreshing native plugins compatible for Editor in 129.39 ms, found 1 plugins.
Preloading 0 native plugins for Editor in 0.00 ms.
Invoked RoslynAnalysisRunner static constructor.
RoslynAnalysisRunner will not be running.
RoslynAnalysisRunner has terminated.
Mono: successfully reloaded assembly
- Completed reload, in  2.637 seconds
Platform modules already initialized, skipping
========================================================================
Worker process is ready to serve import requests
Launched and connected shader compiler UnityShaderCompiler.exe after 0.12 seconds
Refreshing native plugins compatible for Editor in 1.10 ms, found 1 plugins.
Preloading 0 native plugins for Editor in 0.00 ms.
Unloading 1957 Unused Serialized files (Serialized files now loaded: 0)
System memory in use before: 90.9 MB.
System memory in use after: 91.0 MB.

Unloading 20 unused Assets to reduce memory usage. Loaded Objects now: 2402.
Total: 5.568000 ms (FindLiveObjects: 0.487000 ms CreateObjectMapping: 0.278200 ms MarkObjects: 4.513800 ms  DeleteObjects: 0.286000 ms)

========================================================================
Received Import Request.
  path: Assets/Scenes/2_zone_sauvage_1.unity
  artifactKey: Guid(2cda990e2423bbf4892e6590ba056729) Importer(815301076,1909f56bfc062723c751e8b465ee728b)
Start importing Assets/Scenes/2_zone_sauvage_1.unity using Guid(2cda990e2423bbf4892e6590ba056729) Importer(815301076,1909f56bfc062723c751e8b465ee728b)  -> (artifact id: '10b888840f9b6d322790076b78895629') in 0.043255 seconds
  Import took 0.054834 seconds .

========================================================================
Received Import Request.
  Time since last request: 1.213271 seconds.
  path: Assets/Scenes/1_village_departures 1.unity
  artifactKey: Guid(01f27110d5008b94aaec54ca59e829a6) Importer(815301076,1909f56bfc062723c751e8b465ee728b)
Start importing Assets/Scenes/1_village_departures 1.unity using Guid(01f27110d5008b94aaec54ca59e829a6) Importer(815301076,1909f56bfc062723c751e8b465ee728b)  -> (artifact id: 'c512911ee9e7ef05dd54ed7f9e23b5e9') in 0.034469 seconds
  Import took 0.047988 seconds .

========================================================================
Received Import Request.
  Time since last request: 512.461056 seconds.
  path: Assets/Scenes/2_zone_sauvage_1.unity
  artifactKey: Guid(2cda990e2423bbf4892e6590ba056729) Importer(815301076,1909f56bfc062723c751e8b465ee728b)
Start importing Assets/Scenes/2_zone_sauvage_1.unity using Guid(2cda990e2423bbf4892e6590ba056729) Importer(815301076,1909f56bfc062723c751e8b465ee728b)  -> (artifact id: '3d740d3f2b89b3b281ead08d1a715dd0') in 0.022373 seconds
  Import took 0.034887 seconds .

========================================================================
Received Import Request.
  Time since last request: 102.785439 seconds.
  path: Assets/Scenes/1_village_departures 1.unity
  artifactKey: Guid(01f27110d5008b94aaec54ca59e829a6) Importer(815301076,1909f56bfc062723c751e8b465ee728b)
Start importing Assets/Scenes/1_village_departures 1.unity using Guid(01f27110d5008b94aaec54ca59e829a6) Importer(815301076,1909f56bfc062723c751e8b465ee728b)  -> (artifact id: 'db0c2aca087e1d8a46e647c8321e9e82') in 0.019107 seconds
  Import took 0.032490 seconds .

========================================================================
Received Import Request.
  Time since last request: 69.721964 seconds.
  path: Assets/Scenes/2_zone_sauvage_1.unity
  artifactKey: Guid(2cda990e2423bbf4892e6590ba056729) Importer(815301076,1909f56bfc062723c751e8b465ee728b)
Start importing Assets/Scenes/2_zone_sauvage_1.unity using Guid(2cda990e2423bbf4892e6590ba056729) Importer(815301076,1909f56bfc062723c751e8b465ee728b)  -> (artifact id: '096c1f572e8a8c7c50e6c0600dd963bf') in 0.010728 seconds
  Import took 0.025980 seconds .

========================================================================
Received Import Request.
  Time since last request: 0.009477 seconds.
  path: Assets/Scenes/2_zone_sauvage_1.unity
  artifactKey: Guid(2cda990e2423bbf4892e6590ba056729) Importer(815301076,1909f56bfc062723c751e8b465ee728b)
Start importing Assets/Scenes/2_zone_sauvage_1.unity using Guid(2cda990e2423bbf4892e6590ba056729) Importer(815301076,1909f56bfc062723c751e8b465ee728b)  -> (artifact id: '096c1f572e8a8c7c50e6c0600dd963bf') in 0.016086 seconds
  Import took 0.026797 seconds .

========================================================================
Received Import Request.
  Time since last request: 83.103432 seconds.
  path: Assets/Scenes/1_village_departures 1.unity
  artifactKey: Guid(01f27110d5008b94aaec54ca59e829a6) Importer(815301076,1909f56bfc062723c751e8b465ee728b)
Start importing Assets/Scenes/1_village_departures 1.unity using Guid(01f27110d5008b94aaec54ca59e829a6) Importer(815301076,1909f56bfc062723c751e8b465ee728b)  -> (artifact id: '09a0cad81ab1358fee0d28a2d4b07cd9') in 0.011326 seconds
  Import took 0.021357 seconds .

========================================================================
Received Prepare
Registering precompiled user dll's ...
Registered in 0.002232 seconds.
Begin MonoManager ReloadAssembly
Native extension for WindowsStandalone target not found
Native extension for WebGL target not found
Refreshing native plugins compatible for Editor in 0.84 ms, found 1 plugins.
Preloading 0 native plugins for Editor in 0.00 ms.
Invoked RoslynAnalysisRunner static constructor.
RoslynAnalysisRunner will not be running.
RoslynAnalysisRunner has terminated.
Mono: successfully reloaded assembly
- Completed reload, in  2.328 seconds
Platform modules already initialized, skipping
Refreshing native plugins compatible for Editor in 0.81 ms, found 1 plugins.
Preloading 0 native plugins for Editor in 0.00 ms.
Unloading 1932 Unused Serialized files (Serialized files now loaded: 0)
System memory in use before: 89.5 MB.
System memory in use after: 89.7 MB.

Unloading 8 unused Assets to reduce memory usage. Loaded Objects now: 2405.
Total: 6.215000 ms (FindLiveObjects: 0.524900 ms CreateObjectMapping: 0.277000 ms MarkObjects: 5.356700 ms  DeleteObjects: 0.052600 ms)

========================================================================
Received Prepare
Registering precompiled user dll's ...
Registered in 0.003471 seconds.
Begin MonoManager ReloadAssembly
Native extension for WindowsStandalone target not found
Native extension for WebGL target not found
Refreshing native plugins compatible for Editor in 1.71 ms, found 1 plugins.
Preloading 0 native plugins for Editor in 0.00 ms.
Invoked RoslynAnalysisRunner static constructor.
RoslynAnalysisRunner will not be running.
RoslynAnalysisRunner has terminated.
Mono: successfully reloaded assembly
- Completed reload, in  4.050 seconds
Platform modules already initialized, skipping
Refreshing native plugins compatible for Editor in 1.57 ms, found 1 plugins.
Preloading 0 native plugins for Editor in 0.00 ms.
Unloading 1932 Unused Serialized files (Serialized files now loaded: 0)
System memory in use before: 89.7 MB.
System memory in use after: 89.8 MB.

Unloading 8 unused Assets to reduce memory usage. Loaded Objects now: 2408.
Total: 5.982000 ms (FindLiveObjects: 0.586300 ms CreateObjectMapping: 0.197700 ms MarkObjects: 5.146400 ms  DeleteObjects: 0.047700 ms)

========================================================================
Received Prepare
Registering precompiled user dll's ...
Registered in 0.002833 seconds.
Begin MonoManager ReloadAssembly
Native extension for WindowsStandalone target not found
Native extension for WebGL target not found
Refreshing native plugins compatible for Editor in 0.85 ms, found 1 plugins.
Preloading 0 native plugins for Editor in 0.00 ms.
Invoked RoslynAnalysisRunner static constructor.
RoslynAnalysisRunner will not be running.
RoslynAnalysisRunner has terminated.
Mono: successfully reloaded assembly
- Completed reload, in  2.424 seconds
Platform modules already initialized, skipping
Refreshing native plugins compatible for Editor in 0.88 ms, found 1 plugins.
Preloading 0 native plugins for Editor in 0.00 ms.
Unloading 1932 Unused Serialized files (Serialized files now loaded: 0)
System memory in use before: 89.9 MB.
System memory in use after: 90.0 MB.

Unloading 8 unused Assets to reduce memory usage. Loaded Objects now: 2411.
Total: 3.806700 ms (FindLiveObjects: 0.408400 ms CreateObjectMapping: 0.165900 ms MarkObjects: 3.187800 ms  DeleteObjects: 0.040400 ms)

========================================================================
Received Prepare
Registering precompiled user dll's ...
Registered in 0.002278 seconds.
Begin MonoManager ReloadAssembly
Native extension for WindowsStandalone target not found
Native extension for WebGL target not found
Refreshing native plugins compatible for Editor in 0.52 ms, found 1 plugins.
Preloading 0 native plugins for Editor in 0.00 ms.
Invoked RoslynAnalysisRunner static constructor.
RoslynAnalysisRunner will not be running.
RoslynAnalysisRunner has terminated.
Mono: successfully reloaded assembly
- Completed reload, in  2.175 seconds
Platform modules already initialized, skipping
Refreshing native plugins compatible for Editor in 1.36 ms, found 1 plugins.
Preloading 0 native plugins for Editor in 0.00 ms.
Unloading 1932 Unused Serialized files (Serialized files now loaded: 0)
System memory in use before: 90.1 MB.
System memory in use after: 90.2 MB.

Unloading 8 unused Assets to reduce memory usage. Loaded Objects now: 2414.
Total: 2.929400 ms (FindLiveObjects: 0.479700 ms CreateObjectMapping: 0.128800 ms MarkObjects: 2.286400 ms  DeleteObjects: 0.032500 ms)

========================================================================
Received Prepare
Registering precompiled user dll's ...
Registered in 0.004825 seconds.
Begin MonoManager ReloadAssembly
Native extension for WindowsStandalone target not found
Native extension for WebGL target not found
Refreshing native plugins compatible for Editor in 0.86 ms, found 1 plugins.
Preloading 0 native plugins for Editor in 0.00 ms.
Invoked RoslynAnalysisRunner static constructor.
RoslynAnalysisRunner will not be running.
RoslynAnalysisRunner has terminated.
Mono: successfully reloaded assembly
- Completed reload, in  1.724 seconds
Platform modules already initialized, skipping
Refreshing native plugins compatible for Editor in 0.58 ms, found 1 plugins.
Preloading 0 native plugins for Editor in 0.00 ms.
Unloading 1932 Unused Serialized files (Serialized files now loaded: 0)
System memory in use before: 90.2 MB.
System memory in use after: 90.4 MB.

Unloading 8 unused Assets to reduce memory usage. Loaded Objects now: 2417.
Total: 3.265200 ms (FindLiveObjects: 0.393300 ms CreateObjectMapping: 0.171300 ms MarkObjects: 2.670000 ms  DeleteObjects: 0.028100 ms)

========================================================================
Received Import Request.
  Time since last request: 458.174277 seconds.
  path: Assets/Script/ExitBehaviour.cs
  artifactKey: Guid(24e8d371c8dace14d8f91a2cc1a8ed1d) Importer(815301076,1909f56bfc062723c751e8b465ee728b)
Start importing Assets/Script/ExitBehaviour.cs using Guid(24e8d371c8dace14d8f91a2cc1a8ed1d) Importer(815301076,1909f56bfc062723c751e8b465ee728b)  -> (artifact id: '4546cf05815e561af7dbf3255dc7451f') in 0.061700 seconds
  Import took 0.068579 seconds .

========================================================================
Received Prepare
Registering precompiled user dll's ...
Registered in 0.002159 seconds.
Begin MonoManager ReloadAssembly
Native extension for WindowsStandalone target not found
Native extension for WebGL target not found
Refreshing native plugins compatible for Editor in 0.65 ms, found 1 plugins.
Preloading 0 native plugins for Editor in 0.00 ms.
Invoked RoslynAnalysisRunner static constructor.
RoslynAnalysisRunner will not be running.
RoslynAnalysisRunner has terminated.
Mono: successfully reloaded assembly
- Completed reload, in  1.880 seconds
Platform modules already initialized, skipping
Refreshing native plugins compatible for Editor in 0.59 ms, found 1 plugins.
Preloading 0 native plugins for Editor in 0.00 ms.
Unloading 1933 Unused Serialized files (Serialized files now loaded: 0)
System memory in use before: 90.4 MB.
System memory in use after: 90.5 MB.

Unloading 8 unused Assets to reduce memory usage. Loaded Objects now: 2421.
Total: 3.383300 ms (FindLiveObjects: 0.574800 ms CreateObjectMapping: 0.218700 ms MarkObjects: 2.555000 ms  DeleteObjects: 0.032000 ms)

========================================================================
Received Prepare
Registering precompiled user dll's ...
Registered in 0.002318 seconds.
Begin MonoManager ReloadAssembly
Native extension for WindowsStandalone target not found
Native extension for WebGL target not found
Refreshing native plugins compatible for Editor in 0.85 ms, found 1 plugins.
Preloading 0 native plugins for Editor in 0.00 ms.
Invoked RoslynAnalysisRunner static constructor.
RoslynAnalysisRunner will not be running.
RoslynAnalysisRunner has terminated.
Mono: successfully reloaded assembly
- Completed reload, in  1.491 seconds
Platform modules already initialized, skipping
Refreshing native plugins compatible for Editor in 0.61 ms, found 1 plugins.
Preloading 0 native plugins for Editor in 0.00 ms.
Unloading 1933 Unused Serialized files (Serialized files now loaded: 0)
System memory in use before: 90.6 MB.
System memory in use after: 90.7 MB.

Unloading 8 unused Assets to reduce memory usage. Loaded Objects now: 2424.
Total: 3.501900 ms (FindLiveObjects: 0.558500 ms CreateObjectMapping: 0.066000 ms MarkObjects: 2.853900 ms  DeleteObjects: 0.021900 ms)

========================================================================
Received Import Request.
  Time since last request: 55.581343 seconds.
  path: Assets/Script/ExitBehaviour.cs
  artifactKey: Guid(24e8d371c8dace14d8f91a2cc1a8ed1d) Importer(815301076,1909f56bfc062723c751e8b465ee728b)
Start importing Assets/Script/ExitBehaviour.cs using Guid(24e8d371c8dace14d8f91a2cc1a8ed1d) Importer(815301076,1909f56bfc062723c751e8b465ee728b)  -> (artifact id: '159ec2200688df49c43870ec0f204374') in 0.012905 seconds
  Import took 0.022040 seconds .

========================================================================
Received Prepare
Registering precompiled user dll's ...
Registered in 0.001948 seconds.
Begin MonoManager ReloadAssembly
Native extension for WindowsStandalone target not found
Native extension for WebGL target not found
Refreshing native plugins compatible for Editor in 0.81 ms, found 1 plugins.
Preloading 0 native plugins for Editor in 0.00 ms.
Invoked RoslynAnalysisRunner static constructor.
RoslynAnalysisRunner will not be running.
RoslynAnalysisRunner has terminated.
Mono: successfully reloaded assembly
- Completed reload, in  1.765 seconds
Platform modules already initialized, skipping
Refreshing native plugins compatible for Editor in 0.93 ms, found 1 plugins.
Preloading 0 native plugins for Editor in 0.00 ms.
Unloading 1933 Unused Serialized files (Serialized files now loaded: 0)
System memory in use before: 90.7 MB.
System memory in use after: 90.9 MB.

Unloading 8 unused Assets to reduce memory usage. Loaded Objects now: 2427.
Total: 3.286000 ms (FindLiveObjects: 0.520400 ms CreateObjectMapping: 0.217100 ms MarkObjects: 2.490400 ms  DeleteObjects: 0.055900 ms)

========================================================================
Received Import Request.
  Time since last request: 213.674395 seconds.
  path: Assets/Script/HeroBehaviour.cs
  artifactKey: Guid(e4b3e320ceb7e2c4ea140d56919ca168) Importer(815301076,1909f56bfc062723c751e8b465ee728b)
Start importing Assets/Script/HeroBehaviour.cs using Guid(e4b3e320ceb7e2c4ea140d56919ca168) Importer(815301076,1909f56bfc062723c751e8b465ee728b)  -> (artifact id: 'e7734c27d2785d3f334c6e2274f21498') in 0.019285 seconds
  Import took 0.026266 seconds .

========================================================================
Received Import Request.
  Time since last request: 0.021057 seconds.
  path: Assets/Script/HeroBehaviour.cs
  artifactKey: Guid(e4b3e320ceb7e2c4ea140d56919ca168) Importer(815301076,1909f56bfc062723c751e8b465ee728b)
Start importing Assets/Script/HeroBehaviour.cs using Guid(e4b3e320ceb7e2c4ea140d56919ca168) Importer(815301076,1909f56bfc062723c751e8b465ee728b)  -> (artifact id: 'e7734c27d2785d3f334c6e2274f21498') in 0.009033 seconds
  Import took 0.015702 seconds .

========================================================================
Received Prepare
Registering precompiled user dll's ...
Registered in 0.002410 seconds.
Begin MonoManager ReloadAssembly
Native extension for WindowsStandalone target not found
Native extension for WebGL target not found
Refreshing native plugins compatible for Editor in 0.61 ms, found 1 plugins.
Preloading 0 native plugins for Editor in 0.00 ms.
Invoked RoslynAnalysisRunner static constructor.
RoslynAnalysisRunner will not be running.
RoslynAnalysisRunner has terminated.
Mono: successfully reloaded assembly
- Completed reload, in  1.560 seconds
Platform modules already initialized, skipping
Refreshing native plugins compatible for Editor in 0.56 ms, found 1 plugins.
Preloading 0 native plugins for Editor in 0.00 ms.
Unloading 1934 Unused Serialized files (Serialized files now loaded: 0)
System memory in use before: 90.9 MB.
System memory in use after: 91.0 MB.

Unloading 8 unused Assets to reduce memory usage. Loaded Objects now: 2431.
Total: 3.889900 ms (FindLiveObjects: 0.322400 ms CreateObjectMapping: 0.143600 ms MarkObjects: 3.377300 ms  DeleteObjects: 0.043300 ms)

========================================================================
Received Prepare
Registering precompiled user dll's ...
Registered in 0.001856 seconds.
Begin MonoManager ReloadAssembly
Native extension for WindowsStandalone target not found
Native extension for WebGL target not found
Refreshing native plugins compatible for Editor in 0.84 ms, found 1 plugins.
Preloading 0 native plugins for Editor in 0.00 ms.
Invoked RoslynAnalysisRunner static constructor.
RoslynAnalysisRunner will not be running.
RoslynAnalysisRunner has terminated.
Mono: successfully reloaded assembly
- Completed reload, in  1.791 seconds
Platform modules already initialized, skipping
Refreshing native plugins compatible for Editor in 1.69 ms, found 1 plugins.
Preloading 0 native plugins for Editor in 0.00 ms.
Unloading 1934 Unused Serialized files (Serialized files now loaded: 0)
System memory in use before: 91.1 MB.
System memory in use after: 91.2 MB.

Unloading 8 unused Assets to reduce memory usage. Loaded Objects now: 2434.
Total: 4.088200 ms (FindLiveObjects: 0.373200 ms CreateObjectMapping: 0.055500 ms MarkObjects: 3.618000 ms  DeleteObjects: 0.038900 ms)

========================================================================
Received Import Request.
  Time since last request: 108.648601 seconds.
  path: Assets/Script/HeroBehaviour.cs
  artifactKey: Guid(e4b3e320ceb7e2c4ea140d56919ca168) Importer(815301076,1909f56bfc062723c751e8b465ee728b)
Start importing Assets/Script/HeroBehaviour.cs using Guid(e4b3e320ceb7e2c4ea140d56919ca168) Importer(815301076,1909f56bfc062723c751e8b465ee728b)  -> (artifact id: '28c26f043da1ece6b94a973f4432f7c2') in 0.013390 seconds
  Import took 0.024227 seconds .

========================================================================
Received Prepare
Registering precompiled user dll's ...
Registered in 0.002069 seconds.
Begin MonoManager ReloadAssembly
Native extension for WindowsStandalone target not found
Native extension for WebGL target not found
Refreshing native plugins compatible for Editor in 0.61 ms, found 1 plugins.
Preloading 0 native plugins for Editor in 0.00 ms.
Invoked RoslynAnalysisRunner static constructor.
RoslynAnalysisRunner will not be running.
RoslynAnalysisRunner has terminated.
Mono: successfully reloaded assembly
- Completed reload, in  1.441 seconds
Platform modules already initialized, skipping
Refreshing native plugins compatible for Editor in 0.83 ms, found 1 plugins.
Preloading 0 native plugins for Editor in 0.00 ms.
Unloading 1934 Unused Serialized files (Serialized files now loaded: 0)
System memory in use before: 91.2 MB.
System memory in use after: 91.4 MB.

Unloading 8 unused Assets to reduce memory usage. Loaded Objects now: 2437.
Total: 3.298300 ms (FindLiveObjects: 0.438600 ms CreateObjectMapping: 0.128200 ms MarkObjects: 2.690700 ms  DeleteObjects: 0.038200 ms)

========================================================================
Received Prepare
Registering precompiled user dll's ...
Registered in 0.001921 seconds.
Begin MonoManager ReloadAssembly
Native extension for WindowsStandalone target not found
Native extension for WebGL target not found
Refreshing native plugins compatible for Editor in 0.75 ms, found 1 plugins.
Preloading 0 native plugins for Editor in 0.00 ms.
Invoked RoslynAnalysisRunner static constructor.
RoslynAnalysisRunner will not be running.
RoslynAnalysisRunner has terminated.
Mono: successfully reloaded assembly
- Completed reload, in  3.773 seconds
Platform modules already initialized, skipping
Refreshing native plugins compatible for Editor in 2.87 ms, found 1 plugins.
Preloading 0 native plugins for Editor in 0.00 ms.
Unloading 1934 Unused Serialized files (Serialized files now loaded: 0)
System memory in use before: 91.4 MB.
System memory in use after: 91.5 MB.

Unloading 8 unused Assets to reduce memory usage. Loaded Objects now: 2440.
Total: 9.298700 ms (FindLiveObjects: 1.328600 ms CreateObjectMapping: 0.438900 ms MarkObjects: 7.472700 ms  DeleteObjects: 0.051100 ms)

========================================================================
Received Prepare
Registering precompiled user dll's ...
Registered in 0.001452 seconds.
Begin MonoManager ReloadAssembly
Native extension for WindowsStandalone target not found
Native extension for WebGL target not found
Refreshing native plugins compatible for Editor in 0.72 ms, found 1 plugins.
Preloading 0 native plugins for Editor in 0.00 ms.
Invoked RoslynAnalysisRunner static constructor.
RoslynAnalysisRunner will not be running.
RoslynAnalysisRunner has terminated.
Mono: successfully reloaded assembly
- Completed reload, in  1.518 seconds
Platform modules already initialized, skipping
Refreshing native plugins compatible for Editor in 0.62 ms, found 1 plugins.
Preloading 0 native plugins for Editor in 0.00 ms.
Unloading 1934 Unused Serialized files (Serialized files now loaded: 0)
System memory in use before: 91.4 MB.
System memory in use after: 91.5 MB.

Unloading 8 unused Assets to reduce memory usage. Loaded Objects now: 2443.
Total: 2.589200 ms (FindLiveObjects: 0.344100 ms CreateObjectMapping: 0.085000 ms MarkObjects: 2.133000 ms  DeleteObjects: 0.024200 ms)

========================================================================
Received Import Request.
  Time since last request: 235.436994 seconds.
  path: Assets/Scenes/2_zone_sauvage_1.unity
  artifactKey: Guid(2cda990e2423bbf4892e6590ba056729) Importer(815301076,1909f56bfc062723c751e8b465ee728b)
Start importing Assets/Scenes/2_zone_sauvage_1.unity using Guid(2cda990e2423bbf4892e6590ba056729) Importer(815301076,1909f56bfc062723c751e8b465ee728b)  -> (artifact id: 'b2d0be50bf731517bb7c032ee715de72') in 0.022027 seconds
  Import took 0.031561 seconds .

========================================================================
Received Import Request.
  Time since last request: 31.204401 seconds.
  path: Assets/Scenes/1_village_departures 1.unity
  artifactKey: Guid(01f27110d5008b94aaec54ca59e829a6) Importer(815301076,1909f56bfc062723c751e8b465ee728b)
Start importing Assets/Scenes/1_village_departures 1.unity using Guid(01f27110d5008b94aaec54ca59e829a6) Importer(815301076,1909f56bfc062723c751e8b465ee728b)  -> (artifact id: 'e9a74f4b8bcdcdba594171f4965c7a3e') in 0.011232 seconds
  Import took 0.022165 seconds .

========================================================================
Received Prepare
Registering precompiled user dll's ...
Registered in 0.001929 seconds.
Begin MonoManager ReloadAssembly
Native extension for WindowsStandalone target not found
Native extension for WebGL target not found
Refreshing native plugins compatible for Editor in 0.86 ms, found 1 plugins.
Preloading 0 native plugins for Editor in 0.00 ms.
Invoked RoslynAnalysisRunner static constructor.
RoslynAnalysisRunner will not be running.
RoslynAnalysisRunner has terminated.
Mono: successfully reloaded assembly
- Completed reload, in  1.486 seconds
Platform modules already initialized, skipping
Refreshing native plugins compatible for Editor in 0.83 ms, found 1 plugins.
Preloading 0 native plugins for Editor in 0.00 ms.
Unloading 1934 Unused Serialized files (Serialized files now loaded: 0)
System memory in use before: 90.7 MB.
System memory in use after: 90.9 MB.

Unloading 8 unused Assets to reduce memory usage. Loaded Objects now: 2446.
Total: 7.068800 ms (FindLiveObjects: 0.213500 ms CreateObjectMapping: 0.087900 ms MarkObjects: 6.655400 ms  DeleteObjects: 0.063800 ms)

========================================================================
Received Import Request.
  Time since last request: 195.648786 seconds.
  path: Assets/Scenes/2_zone_sauvage_1.unity
  artifactKey: Guid(2cda990e2423bbf4892e6590ba056729) Importer(815301076,1909f56bfc062723c751e8b465ee728b)
Start importing Assets/Scenes/2_zone_sauvage_1.unity using Guid(2cda990e2423bbf4892e6590ba056729) Importer(815301076,1909f56bfc062723c751e8b465ee728b)  -> (artifact id: 'f85df91d0172eb95d8ed9eb4d91d4694') in 0.021299 seconds
  Import took 0.036453 seconds .

========================================================================
Received Prepare
Registering precompiled user dll's ...
Registered in 0.002585 seconds.
Begin MonoManager ReloadAssembly
Native extension for WindowsStandalone target not found
Native extension for WebGL target not found
Refreshing native plugins compatible for Editor in 1.06 ms, found 1 plugins.
Preloading 0 native plugins for Editor in 0.00 ms.
Invoked RoslynAnalysisRunner static constructor.
RoslynAnalysisRunner will not be running.
RoslynAnalysisRunner has terminated.
Mono: successfully reloaded assembly
- Completed reload, in  3.325 seconds
Platform modules already initialized, skipping
Refreshing native plugins compatible for Editor in 1.16 ms, found 1 plugins.
Preloading 0 native plugins for Editor in 0.00 ms.
Unloading 1934 Unused Serialized files (Serialized files now loaded: 0)
System memory in use before: 90.9 MB.
System memory in use after: 91.0 MB.

Unloading 8 unused Assets to reduce memory usage. Loaded Objects now: 2449.
Total: 6.525800 ms (FindLiveObjects: 1.076500 ms CreateObjectMapping: 0.345300 ms MarkObjects: 5.046500 ms  DeleteObjects: 0.051100 ms)

========================================================================
Received Import Request.
  Time since last request: 99.592220 seconds.
  path: Assets/Scenes/1_village_departures 1.unity
  artifactKey: Guid(01f27110d5008b94aaec54ca59e829a6) Importer(815301076,1909f56bfc062723c751e8b465ee728b)
Start importing Assets/Scenes/1_village_departures 1.unity using Guid(01f27110d5008b94aaec54ca59e829a6) Importer(815301076,1909f56bfc062723c751e8b465ee728b)  -> (artifact id: '5cce3d0ef12b7b5d58448f678d223212') in 0.037512 seconds
  Import took 0.046245 seconds .

========================================================================
Received Import Request.
  Time since last request: 88.618165 seconds.
  path: Assets/Scenes/1_village_departures 1.unity
  artifactKey: Guid(01f27110d5008b94aaec54ca59e829a6) Importer(815301076,1909f56bfc062723c751e8b465ee728b)
Start importing Assets/Scenes/1_village_departures 1.unity using Guid(01f27110d5008b94aaec54ca59e829a6) Importer(815301076,1909f56bfc062723c751e8b465ee728b)  -> (artifact id: '10579027657d0c129bd6272d99529172') in 0.007204 seconds
  Import took 0.019080 seconds .

========================================================================
Received Import Request.
  Time since last request: 0.001175 seconds.
  path: Assets/Scenes/1_village_departures 1.unity
  artifactKey: Guid(01f27110d5008b94aaec54ca59e829a6) Importer(815301076,1909f56bfc062723c751e8b465ee728b)
Start importing Assets/Scenes/1_village_departures 1.unity using Guid(01f27110d5008b94aaec54ca59e829a6) Importer(815301076,1909f56bfc062723c751e8b465ee728b)  -> (artifact id: '10579027657d0c129bd6272d99529172') in 0.008951 seconds
  Import took 0.013388 seconds .

========================================================================
Received Prepare
Registering precompiled user dll's ...
Registered in 0.002644 seconds.
Begin MonoManager ReloadAssembly
Native extension for WindowsStandalone target not found
Native extension for WebGL target not found
Refreshing native plugins compatible for Editor in 0.80 ms, found 1 plugins.
Preloading 0 native plugins for Editor in 0.00 ms.
Invoked RoslynAnalysisRunner static constructor.
RoslynAnalysisRunner will not be running.
RoslynAnalysisRunner has terminated.
Mono: successfully reloaded assembly
- Completed reload, in  2.088 seconds
Platform modules already initialized, skipping
Refreshing native plugins compatible for Editor in 0.87 ms, found 1 plugins.
Preloading 0 native plugins for Editor in 0.00 ms.
Unloading 1934 Unused Serialized files (Serialized files now loaded: 0)
System memory in use before: 91.1 MB.
System memory in use after: 91.2 MB.

Unloading 8 unused Assets to reduce memory usage. Loaded Objects now: 2452.
Total: 2.903300 ms (FindLiveObjects: 0.253600 ms CreateObjectMapping: 0.059200 ms MarkObjects: 2.546600 ms  DeleteObjects: 0.040800 ms)

========================================================================
Received Import Request.
  Time since last request: 257.065699 seconds.
  path: Assets/Scenes/2_zone_sauvage_1.unity
  artifactKey: Guid(2cda990e2423bbf4892e6590ba056729) Importer(815301076,1909f56bfc062723c751e8b465ee728b)
Start importing Assets/Scenes/2_zone_sauvage_1.unity using Guid(2cda990e2423bbf4892e6590ba056729) Importer(815301076,1909f56bfc062723c751e8b465ee728b)  -> (artifact id: '34d18b248bb58b72c9f0a0a2badd6d87') in 0.027377 seconds
  Import took 0.034957 seconds .

========================================================================
Received Import Request.
  Time since last request: 77.974914 seconds.
  path: Assets/Scenes/2_zone_sauvage_1.unity
  artifactKey: Guid(2cda990e2423bbf4892e6590ba056729) Importer(815301076,1909f56bfc062723c751e8b465ee728b)
Start importing Assets/Scenes/2_zone_sauvage_1.unity using Guid(2cda990e2423bbf4892e6590ba056729) Importer(815301076,1909f56bfc062723c751e8b465ee728b)  -> (artifact id: 'f76b11f20a2090f3b54ca287d573d0ad') in 0.010138 seconds
  Import took 0.017290 seconds .

========================================================================
Received Import Request.
  Time since last request: 0.001231 seconds.
  path: Assets/Scenes/2_zone_sauvage_1.unity
  artifactKey: Guid(2cda990e2423bbf4892e6590ba056729) Importer(815301076,1909f56bfc062723c751e8b465ee728b)
Start importing Assets/Scenes/2_zone_sauvage_1.unity using Guid(2cda990e2423bbf4892e6590ba056729) Importer(815301076,1909f56bfc062723c751e8b465ee728b)  -> (artifact id: 'f76b11f20a2090f3b54ca287d573d0ad') in 0.007845 seconds
  Import took 0.012689 seconds .

========================================================================
Received Prepare
Registering precompiled user dll's ...
Registered in 0.003538 seconds.
Begin MonoManager ReloadAssembly
Native extension for WindowsStandalone target not found
Native extension for WebGL target not found
Refreshing native plugins compatible for Editor in 1.52 ms, found 1 plugins.
Preloading 0 native plugins for Editor in 0.00 ms.
Invoked RoslynAnalysisRunner static constructor.
RoslynAnalysisRunner will not be running.
RoslynAnalysisRunner has terminated.
Mono: successfully reloaded assembly
- Completed reload, in  4.095 seconds
Platform modules already initialized, skipping
Refreshing native plugins compatible for Editor in 1.27 ms, found 1 plugins.
Preloading 0 native plugins for Editor in 0.00 ms.
Unloading 1934 Unused Serialized files (Serialized files now loaded: 0)
System memory in use before: 91.2 MB.
System memory in use after: 91.4 MB.

Unloading 8 unused Assets to reduce memory usage. Loaded Objects now: 2455.
Total: 7.051000 ms (FindLiveObjects: 0.659400 ms CreateObjectMapping: 0.331100 ms MarkObjects: 5.992200 ms  DeleteObjects: 0.058700 ms)

========================================================================
Received Prepare
Registering precompiled user dll's ...
Registered in 0.002029 seconds.
Begin MonoManager ReloadAssembly
Native extension for WindowsStandalone target not found
Native extension for WebGL target not found
Refreshing native plugins compatible for Editor in 0.64 ms, found 1 plugins.
Preloading 0 native plugins for Editor in 0.00 ms.
Invoked RoslynAnalysisRunner static constructor.
RoslynAnalysisRunner will not be running.
RoslynAnalysisRunner has terminated.
Mono: successfully reloaded assembly
- Completed reload, in  1.759 seconds
Platform modules already initialized, skipping
Refreshing native plugins compatible for Editor in 0.73 ms, found 1 plugins.
Preloading 0 native plugins for Editor in 0.00 ms.
Unloading 1934 Unused Serialized files (Serialized files now loaded: 0)
System memory in use before: 91.4 MB.
System memory in use after: 91.5 MB.

Unloading 8 unused Assets to reduce memory usage. Loaded Objects now: 2458.
Total: 4.392900 ms (FindLiveObjects: 0.398200 ms CreateObjectMapping: 0.138600 ms MarkObjects: 3.786400 ms  DeleteObjects: 0.066400 ms)

========================================================================
Received Import Request.
  Time since last request: 105.553945 seconds.
  path: Assets/Scenes/2_zone_sauvage_1.unity
  artifactKey: Guid(2cda990e2423bbf4892e6590ba056729) Importer(815301076,1909f56bfc062723c751e8b465ee728b)
Start importing Assets/Scenes/2_zone_sauvage_1.unity using Guid(2cda990e2423bbf4892e6590ba056729) Importer(815301076,1909f56bfc062723c751e8b465ee728b)  -> (artifact id: 'a7414fdd06041f068eb1c18d8c1b64be') in 0.027498 seconds
  Import took 0.037980 seconds .

========================================================================
Received Import Request.
  Time since last request: 4.711004 seconds.
  path: Assets/Scenes/1_village_departures 1.unity
  artifactKey: Guid(01f27110d5008b94aaec54ca59e829a6) Importer(815301076,1909f56bfc062723c751e8b465ee728b)
Start importing Assets/Scenes/1_village_departures 1.unity using Guid(01f27110d5008b94aaec54ca59e829a6) Importer(815301076,1909f56bfc062723c751e8b465ee728b)  -> (artifact id: '35f1fae82ccbffec25163d4d632597ac') in 0.007511 seconds
  Import took 0.014814 seconds .

========================================================================
Received Import Request.
  Time since last request: 20.963911 seconds.
  path: Assets/Scenes/1_village_departures 1.unity
  artifactKey: Guid(01f27110d5008b94aaec54ca59e829a6) Importer(815301076,1909f56bfc062723c751e8b465ee728b)
Start importing Assets/Scenes/1_village_departures 1.unity using Guid(01f27110d5008b94aaec54ca59e829a6) Importer(815301076,1909f56bfc062723c751e8b465ee728b)  -> (artifact id: '3f6e882f239beacb0d02ecca43248680') in 0.008429 seconds
  Import took 0.019606 seconds .

========================================================================
Received Import Request.
  Time since last request: 0.001935 seconds.
  path: Assets/Scenes/1_village_departures 1.unity
  artifactKey: Guid(01f27110d5008b94aaec54ca59e829a6) Importer(815301076,1909f56bfc062723c751e8b465ee728b)
Start importing Assets/Scenes/1_village_departures 1.unity using Guid(01f27110d5008b94aaec54ca59e829a6) Importer(815301076,1909f56bfc062723c751e8b465ee728b)  -> (artifact id: '3f6e882f239beacb0d02ecca43248680') in 0.007551 seconds
  Import took 0.011773 seconds .

========================================================================
Received Prepare
Registering precompiled user dll's ...
Registered in 0.001456 seconds.
Begin MonoManager ReloadAssembly
Native extension for WindowsStandalone target not found
Native extension for WebGL target not found
Refreshing native plugins compatible for Editor in 0.99 ms, found 1 plugins.
Preloading 0 native plugins for Editor in 0.00 ms.
Invoked RoslynAnalysisRunner static constructor.
RoslynAnalysisRunner will not be running.
RoslynAnalysisRunner has terminated.
Mono: successfully reloaded assembly
- Completed reload, in  3.892 seconds
Platform modules already initialized, skipping
Refreshing native plugins compatible for Editor in 2.04 ms, found 1 plugins.
Preloading 0 native plugins for Editor in 0.00 ms.
Unloading 1934 Unused Serialized files (Serialized files now loaded: 0)
System memory in use before: 91.5 MB.
System memory in use after: 91.6 MB.

Unloading 8 unused Assets to reduce memory usage. Loaded Objects now: 2461.
Total: 8.930200 ms (FindLiveObjects: 0.511600 ms CreateObjectMapping: 0.281900 ms MarkObjects: 8.057100 ms  DeleteObjects: 0.064600 ms)

========================================================================
Received Prepare
Registering precompiled user dll's ...
Registered in 0.001299 seconds.
Begin MonoManager ReloadAssembly
Native extension for WindowsStandalone target not found
Native extension for WebGL target not found
Refreshing native plugins compatible for Editor in 0.78 ms, found 1 plugins.
Preloading 0 native plugins for Editor in 0.00 ms.
Invoked RoslynAnalysisRunner static constructor.
RoslynAnalysisRunner will not be running.
RoslynAnalysisRunner has terminated.
Mono: successfully reloaded assembly
- Completed reload, in  2.408 seconds
Platform modules already initialized, skipping
Refreshing native plugins compatible for Editor in 1.08 ms, found 1 plugins.
Preloading 0 native plugins for Editor in 0.00 ms.
Unloading 1934 Unused Serialized files (Serialized files now loaded: 0)
System memory in use before: 90.7 MB.
System memory in use after: 90.8 MB.

Unloading 8 unused Assets to reduce memory usage. Loaded Objects now: 2464.
Total: 4.086100 ms (FindLiveObjects: 0.308600 ms CreateObjectMapping: 0.114800 ms MarkObjects: 3.569300 ms  DeleteObjects: 0.089900 ms)

========================================================================
Received Prepare
Registering precompiled user dll's ...
Registered in 0.001260 seconds.
Begin MonoManager ReloadAssembly
Native extension for WindowsStandalone target not found
Native extension for WebGL target not found
Refreshing native plugins compatible for Editor in 0.66 ms, found 1 plugins.
Preloading 0 native plugins for Editor in 0.00 ms.
Invoked RoslynAnalysisRunner static constructor.
RoslynAnalysisRunner will not be running.
RoslynAnalysisRunner has terminated.
Mono: successfully reloaded assembly
- Completed reload, in  2.558 seconds
Platform modules already initialized, skipping
Refreshing native plugins compatible for Editor in 0.60 ms, found 1 plugins.
Preloading 0 native plugins for Editor in 0.00 ms.
Unloading 1934 Unused Serialized files (Serialized files now loaded: 0)
System memory in use before: 90.9 MB.
System memory in use after: 91.0 MB.

Unloading 8 unused Assets to reduce memory usage. Loaded Objects now: 2467.
Total: 4.529900 ms (FindLiveObjects: 0.605800 ms CreateObjectMapping: 0.102100 ms MarkObjects: 3.737400 ms  DeleteObjects: 0.081400 ms)

========================================================================
Received Prepare
Registering precompiled user dll's ...
Registered in 0.002759 seconds.
Begin MonoManager ReloadAssembly
Native extension for WindowsStandalone target not found
Native extension for WebGL target not found
Refreshing native plugins compatible for Editor in 1.24 ms, found 1 plugins.
Preloading 0 native plugins for Editor in 0.00 ms.
Invoked RoslynAnalysisRunner static constructor.
RoslynAnalysisRunner will not be running.
RoslynAnalysisRunner has terminated.
Mono: successfully reloaded assembly
- Completed reload, in  4.365 seconds
Platform modules already initialized, skipping
Refreshing native plugins compatible for Editor in 1.08 ms, found 1 plugins.
Preloading 0 native plugins for Editor in 0.00 ms.
Unloading 1934 Unused Serialized files (Serialized files now loaded: 0)
System memory in use before: 91.0 MB.
System memory in use after: 91.2 MB.

Unloading 8 unused Assets to reduce memory usage. Loaded Objects now: 2470.
Total: 3.426800 ms (FindLiveObjects: 0.233900 ms CreateObjectMapping: 0.081800 ms MarkObjects: 3.062000 ms  DeleteObjects: 0.046000 ms)

========================================================================
Received Prepare
Registering precompiled user dll's ...
Registered in 0.001320 seconds.
Begin MonoManager ReloadAssembly
Native extension for WindowsStandalone target not found
Native extension for WebGL target not found
Refreshing native plugins compatible for Editor in 0.54 ms, found 1 plugins.
Preloading 0 native plugins for Editor in 0.00 ms.
Invoked RoslynAnalysisRunner static constructor.
RoslynAnalysisRunner will not be running.
RoslynAnalysisRunner has terminated.
Mono: successfully reloaded assembly
- Completed reload, in  1.616 seconds
Platform modules already initialized, skipping
Refreshing native plugins compatible for Editor in 0.46 ms, found 1 plugins.
Preloading 0 native plugins for Editor in 0.00 ms.
Unloading 1934 Unused Serialized files (Serialized files now loaded: 0)
System memory in use before: 91.2 MB.
System memory in use after: 91.3 MB.

Unloading 8 unused Assets to reduce memory usage. Loaded Objects now: 2473.
Total: 2.706800 ms (FindLiveObjects: 0.431900 ms CreateObjectMapping: 0.083000 ms MarkObjects: 2.155300 ms  DeleteObjects: 0.034400 ms)

========================================================================
Received Prepare
Registering precompiled user dll's ...
Registered in 0.002993 seconds.
Begin MonoManager ReloadAssembly
Native extension for WindowsStandalone target not found
Native extension for WebGL target not found
Refreshing native plugins compatible for Editor in 0.51 ms, found 1 plugins.
Preloading 0 native plugins for Editor in 0.00 ms.
Invoked RoslynAnalysisRunner static constructor.
RoslynAnalysisRunner will not be running.
RoslynAnalysisRunner has terminated.
Mono: successfully reloaded assembly
- Completed reload, in  1.737 seconds
Platform modules already initialized, skipping
Refreshing native plugins compatible for Editor in 1.06 ms, found 1 plugins.
Preloading 0 native plugins for Editor in 0.00 ms.
Unloading 1934 Unused Serialized files (Serialized files now loaded: 0)
System memory in use before: 91.4 MB.
System memory in use after: 91.5 MB.

Unloading 8 unused Assets to reduce memory usage. Loaded Objects now: 2476.
Total: 3.406100 ms (FindLiveObjects: 0.254900 ms CreateObjectMapping: 0.075900 ms MarkObjects: 3.050100 ms  DeleteObjects: 0.023200 ms)

AssetImportWorkerClient::OnTransportError - code=2 error=End of file
